<?xml version="1.0" encoding="UTF-8"?>
<testng-results skipped="0" failed="0" total="1" passed="1">
  <reporter-output>
    <line>
      <![CDATA[<div "featureFile">Feature File: src&#x2F;test&#x2F;features&#x2F;BDD.feature</div>]]>
    </line>
    <line>
      <![CDATA[<div "feature">功能: 登录163邮箱</div>]]>
    </line>
    <line>
      <![CDATA[<div "scenario">场景: 使用正常账号登录163</div>]]>
    </line>
    <line>
      <![CDATA[<div "result">当 打开163网站 (passed : 4s)</div>]]>
    </line>
    <line>
      <![CDATA[<div "result">并且 在账号输入框输入&quot;123123&quot;,密码输入框中输入&quot;456456&quot;,点击登录按钮 (passed : 1s)</div>]]>
    </line>
    <line>
      <![CDATA[<div "result">那么 关闭浏览器 (passed : 0s)</div>]]>
    </line>
    <line>
      <![CDATA[<div "scenario">场景: 使用正常账号登录163</div>]]>
    </line>
    <line>
      <![CDATA[<div "result">当 打开163网站 (passed : 3s)</div>]]>
    </line>
    <line>
      <![CDATA[<div "result">并且 在账号输入框输入&quot;123123&quot;,密码输入框中输入&quot;456456&quot;,点击登录按钮 (passed : 1s)</div>]]>
    </line>
    <line>
      <![CDATA[<div "result">那么 关闭浏览器 (passed : 0s)</div>]]>
    </line>
  </reporter-output>
  <suite name="Default suite" duration-ms="12066" started-at="2019-02-06T08:17:19Z" finished-at="2019-02-06T08:17:31Z">
    <groups>
      <group name="cucumber">
        <method signature="AbstractTestNGCucumberTests.run_cukes()[pri:0, instance:com.Run.run@39aeed2f]" name="run_cukes" class="cucumber.api.testng.AbstractTestNGCucumberTests"/>
      </group> <!-- cucumber -->
    </groups>
    <test name="Default test" duration-ms="12066" started-at="2019-02-06T08:17:19Z" finished-at="2019-02-06T08:17:31Z">
      <class name="com.Run.run">
        <test-method status="PASS" signature="run_cukes()[pri:0, instance:com.Run.run@39aeed2f]" name="run_cukes" duration-ms="12050" started-at="2019-02-06T16:17:19Z" description="Runs Cucumber Features" finished-at="2019-02-06T16:17:31Z">
          <reporter-output>
            <line>
              <![CDATA[<div "featureFile">Feature File: src&#x2F;test&#x2F;features&#x2F;BDD.feature</div>]]>
            </line>
            <line>
              <![CDATA[<div "feature">功能: 登录163邮箱</div>]]>
            </line>
            <line>
              <![CDATA[<div "scenario">场景: 使用正常账号登录163</div>]]>
            </line>
            <line>
              <![CDATA[<div "result">当 打开163网站 (passed : 4s)</div>]]>
            </line>
            <line>
              <![CDATA[<div "result">并且 在账号输入框输入&quot;123123&quot;,密码输入框中输入&quot;456456&quot;,点击登录按钮 (passed : 1s)</div>]]>
            </line>
            <line>
              <![CDATA[<div "result">那么 关闭浏览器 (passed : 0s)</div>]]>
            </line>
            <line>
              <![CDATA[<div "scenario">场景: 使用正常账号登录163</div>]]>
            </line>
            <line>
              <![CDATA[<div "result">当 打开163网站 (passed : 3s)</div>]]>
            </line>
            <line>
              <![CDATA[<div "result">并且 在账号输入框输入&quot;123123&quot;,密码输入框中输入&quot;456456&quot;,点击登录按钮 (passed : 1s)</div>]]>
            </line>
            <line>
              <![CDATA[<div "result">那么 关闭浏览器 (passed : 0s)</div>]]>
            </line>
          </reporter-output>
        </test-method> <!-- run_cukes -->
      </class> <!-- com.Run.run -->
    </test> <!-- Default test -->
  </suite> <!-- Default suite -->
</testng-results>
